<?xml version="1.0" encoding="UTF-8"?>
<testsuite name="org.douggschwind.games.cardgames.common.DeckFactoryTest" tests="2" skipped="0" failures="0" errors="0" timestamp="2022-12-16T09:58:37" hostname="SHKETIK" time="0.008">
  <properties/>
  <testcase name="testStandardDeck" classname="org.douggschwind.games.cardgames.common.DeckFactoryTest" time="0.007"/>
  <testcase name="testEuchreDeck" classname="org.douggschwind.games.cardgames.common.DeckFactoryTest" time="0.001"/>
  <system-out><![CDATA[]]></system-out>
  <system-err><![CDATA[]]></system-err>
</testsuite>
